Determining if the pthread_create exist failed with the following output:
Change Dir: /home/uva-dsa1/Downloads/trajopt/build_trajopt/CMakeFiles/CMakeTmp

Run Build Command:"/usr/bin/make" "cmTC_09778/fast"
/usr/bin/make -f CMakeFiles/cmTC_09778.dir/build.make CMakeFiles/cmTC_09778.dir/build
make[1]: Entering directory '/home/uva-dsa1/Downloads/trajopt/build_trajopt/CMakeFiles/CMakeTmp'
Building C object CMakeFiles/cmTC_09778.dir/CheckSymbolExists.c.o
/usr/bin/cc     -o CMakeFiles/cmTC_09778.dir/CheckSymbolExists.c.o   -c /home/uva-dsa1/Downloads/trajopt/build_trajopt/CMakeFiles/CMakeTmp/CheckSymbolExists.c
Linking C executable cmTC_09778
/usr/bin/cmake -E cmake_link_script CMakeFiles/cmTC_09778.dir/link.txt --verbose=1
/usr/bin/cc       CMakeFiles/cmTC_09778.dir/CheckSymbolExists.c.o  -o cmTC_09778 -rdynamic 
CMakeFiles/cmTC_09778.dir/CheckSymbolExists.c.o: In function `main':
CheckSymbolExists.c:(.text+0x16): undefined reference to `pthread_create'
collect2: error: ld returned 1 exit status
CMakeFiles/cmTC_09778.dir/build.make:97: recipe for target 'cmTC_09778' failed
make[1]: *** [cmTC_09778] Error 1
make[1]: Leaving directory '/home/uva-dsa1/Downloads/trajopt/build_trajopt/CMakeFiles/CMakeTmp'
Makefile:126: recipe for target 'cmTC_09778/fast' failed
make: *** [cmTC_09778/fast] Error 2

File /home/uva-dsa1/Downloads/trajopt/build_trajopt/CMakeFiles/CMakeTmp/CheckSymbolExists.c:
/* */
#include <pthread.h>

int main(int argc, char** argv)
{
  (void)argv;
#ifndef pthread_create
  return ((int*)(&pthread_create))[argc];
#else
  (void)argc;
  return 0;
#endif
}

Determining if the function pthread_create exists in the pthreads failed with the following output:
Change Dir: /home/uva-dsa1/Downloads/trajopt/build_trajopt/CMakeFiles/CMakeTmp

Run Build Command:"/usr/bin/make" "cmTC_373df/fast"
/usr/bin/make -f CMakeFiles/cmTC_373df.dir/build.make CMakeFiles/cmTC_373df.dir/build
make[1]: Entering directory '/home/uva-dsa1/Downloads/trajopt/build_trajopt/CMakeFiles/CMakeTmp'
Building C object CMakeFiles/cmTC_373df.dir/CheckFunctionExists.c.o
/usr/bin/cc    -DCHECK_FUNCTION_EXISTS=pthread_create   -o CMakeFiles/cmTC_373df.dir/CheckFunctionExists.c.o   -c /usr/share/cmake-3.5/Modules/CheckFunctionExists.c
Linking C executable cmTC_373df
/usr/bin/cmake -E cmake_link_script CMakeFiles/cmTC_373df.dir/link.txt --verbose=1
/usr/bin/cc   -DCHECK_FUNCTION_EXISTS=pthread_create    CMakeFiles/cmTC_373df.dir/CheckFunctionExists.c.o  -o cmTC_373df -rdynamic -lpthreads 
/usr/bin/ld: cannot find -lpthreads
collect2: error: ld returned 1 exit status
CMakeFiles/cmTC_373df.dir/build.make:97: recipe for target 'cmTC_373df' failed
make[1]: *** [cmTC_373df] Error 1
make[1]: Leaving directory '/home/uva-dsa1/Downloads/trajopt/build_trajopt/CMakeFiles/CMakeTmp'
Makefile:126: recipe for target 'cmTC_373df/fast' failed
make: *** [cmTC_373df/fast] Error 2


