Determining if the pthread_create exist failed with the following output:
Change Dir: /home/homa/raven_2/raven_visualization/CMakeFiles/CMakeTmp

Run Build Command:"/usr/bin/make" "cmTC_b46b6/fast"
/usr/bin/make -f CMakeFiles/cmTC_b46b6.dir/build.make CMakeFiles/cmTC_b46b6.dir/build
make[1]: Entering directory '/home/homa/raven_2/raven_visualization/CMakeFiles/CMakeTmp'
Building C object CMakeFiles/cmTC_b46b6.dir/CheckSymbolExists.c.o
/usr/bin/cc     -o CMakeFiles/cmTC_b46b6.dir/CheckSymbolExists.c.o   -c /home/homa/raven_2/raven_visualization/CMakeFiles/CMakeTmp/CheckSymbolExists.c
Linking C executable cmTC_b46b6
/usr/bin/cmake -E cmake_link_script CMakeFiles/cmTC_b46b6.dir/link.txt --verbose=1
/usr/bin/cc       CMakeFiles/cmTC_b46b6.dir/CheckSymbolExists.c.o  -o cmTC_b46b6 -rdynamic 
CMakeFiles/cmTC_b46b6.dir/CheckSymbolExists.c.o: In function `main':
CheckSymbolExists.c:(.text+0x16): undefined reference to `pthread_create'
collect2: error: ld returned 1 exit status
CMakeFiles/cmTC_b46b6.dir/build.make:97: recipe for target 'cmTC_b46b6' failed
make[1]: *** [cmTC_b46b6] Error 1
make[1]: Leaving directory '/home/homa/raven_2/raven_visualization/CMakeFiles/CMakeTmp'
Makefile:126: recipe for target 'cmTC_b46b6/fast' failed
make: *** [cmTC_b46b6/fast] Error 2

File /home/homa/raven_2/raven_visualization/CMakeFiles/CMakeTmp/CheckSymbolExists.c:
/* */
#include <pthread.h>

int main(int argc, char** argv)
{
  (void)argv;
#ifndef pthread_create
  return ((int*)(&pthread_create))[argc];
#else
  (void)argc;
  return 0;
#endif
}

Determining if the function pthread_create exists in the pthreads failed with the following output:
Change Dir: /home/homa/raven_2/raven_visualization/CMakeFiles/CMakeTmp

Run Build Command:"/usr/bin/make" "cmTC_436be/fast"
/usr/bin/make -f CMakeFiles/cmTC_436be.dir/build.make CMakeFiles/cmTC_436be.dir/build
make[1]: Entering directory '/home/homa/raven_2/raven_visualization/CMakeFiles/CMakeTmp'
Building C object CMakeFiles/cmTC_436be.dir/CheckFunctionExists.c.o
/usr/bin/cc    -DCHECK_FUNCTION_EXISTS=pthread_create   -o CMakeFiles/cmTC_436be.dir/CheckFunctionExists.c.o   -c /usr/share/cmake-3.5/Modules/CheckFunctionExists.c
Linking C executable cmTC_436be
/usr/bin/cmake -E cmake_link_script CMakeFiles/cmTC_436be.dir/link.txt --verbose=1
/usr/bin/cc   -DCHECK_FUNCTION_EXISTS=pthread_create    CMakeFiles/cmTC_436be.dir/CheckFunctionExists.c.o  -o cmTC_436be -rdynamic -lpthreads 
/usr/bin/ld: cannot find -lpthreads
collect2: error: ld returned 1 exit status
CMakeFiles/cmTC_436be.dir/build.make:97: recipe for target 'cmTC_436be' failed
make[1]: *** [cmTC_436be] Error 1
make[1]: Leaving directory '/home/homa/raven_2/raven_visualization/CMakeFiles/CMakeTmp'
Makefile:126: recipe for target 'cmTC_436be/fast' failed
make: *** [cmTC_436be/fast] Error 2


